<?xml version="1.0" encoding="UTF-8"?>
<testng-results skipped="0" failed="0" total="4" passed="4">
  <reporter-output>
  </reporter-output>
  <suite name="Suite" duration-ms="31" started-at="2019-10-05T15:38:30Z" finished-at="2019-10-05T15:38:30Z">
    <groups>
    </groups>
    <test name="Test" duration-ms="31" started-at="2019-10-05T15:38:30Z" finished-at="2019-10-05T15:38:30Z">
      <class name="qaclickacademy.RESTAPITest">
        <test-method status="PASS" signature="deleteTwitter()[pri:0, instance:qaclickacademy.RESTAPITest@2ed94a8b]" name="deleteTwitter" duration-ms="0" started-at="2019-10-05T21:08:30Z" finished-at="2019-10-05T21:08:30Z">
          <reporter-output>
          </reporter-output>
        </test-method> <!-- deleteTwitter -->
        <test-method status="PASS" signature="postJira()[pri:0, instance:qaclickacademy.RESTAPITest@2ed94a8b]" name="postJira" duration-ms="0" started-at="2019-10-05T21:08:30Z" finished-at="2019-10-05T21:08:30Z">
          <reporter-output>
          </reporter-output>
        </test-method> <!-- postJira -->
      </class> <!-- qaclickacademy.RESTAPITest -->
      <class name="qaclickacademy.SeleniumTest">
        <test-method status="PASS" signature="BrowserAutomation()[pri:0, instance:qaclickacademy.SeleniumTest@6bf256fa]" name="BrowserAutomation" duration-ms="16" started-at="2019-10-05T21:08:30Z" finished-at="2019-10-05T21:08:30Z">
          <reporter-output>
          </reporter-output>
        </test-method> <!-- BrowserAutomation -->
        <test-method status="PASS" signature="elementsUI()[pri:0, instance:qaclickacademy.SeleniumTest@6bf256fa]" name="elementsUI" duration-ms="0" started-at="2019-10-05T21:08:30Z" finished-at="2019-10-05T21:08:30Z">
          <reporter-output>
          </reporter-output>
        </test-method> <!-- elementsUI -->
      </class> <!-- qaclickacademy.SeleniumTest -->
    </test> <!-- Test -->
  </suite> <!-- Suite -->
</testng-results>
