<?xml version="1.0" encoding="UTF-8"?>
<!-- Generated by org.testng.reporters.JUnitXMLReporter -->
<testsuite hostname="Udit-PC" name="Test" tests="4" failures="0" timestamp="5 Oct 2019 15:38:30 GMT" time="0.031" errors="0">
  <testcase name="BrowserAutomation" time="0.016" classname="qaclickacademy.SeleniumTest"/>
  <testcase name="elementsUI" time="0.0" classname="qaclickacademy.SeleniumTest"/>
  <testcase name="deleteTwitter" time="0.0" classname="qaclickacademy.RESTAPITest"/>
  <testcase name="postJira" time="0.0" classname="qaclickacademy.RESTAPITest"/>
</testsuite> <!-- Test -->
